<?xml version="1.0" encoding="UTF-8"?>
<!-- Generated by org.testng.reporters.JUnitReportReporter -->
<testsuite skipped="0" hostname="HC-PC05-16" name="com.nimr.tests.test2_JsUpdateProfile" tests="1" failures="0" timestamp="21 Sep 2017 04:08:23 GMT" time="86.028" errors="0">
  <testcase name="testUpdateProfile" time="86.028" classname="com.nimr.tests.test2_JsUpdateProfile"/>
</testsuite> <!-- com.nimr.tests.test2_JsUpdateProfile -->
