<?xml version="1.0" encoding="UTF-8"?>
<!-- Generated by org.testng.reporters.JUnitReportReporter -->
<testsuite skipped="1" hostname="HC-PC05-16" name="com.nimr.tests.Test4_JSCvPreview" tests="1" failures="0" timestamp="20 Sep 2017 12:45:10 GMT" time="20.057" errors="0">
  <testcase name="testCvPreviewJS" time="20.057" classname="com.nimr.tests.Test4_JSCvPreview">
    <skipped/>
  </testcase> <!-- testCvPreviewJS -->
</testsuite> <!-- com.nimr.tests.Test4_JSCvPreview -->
