<?xml version="1.0" encoding="UTF-8"?>
<!-- Generated by org.testng.reporters.JUnitReportReporter -->
<testsuite skipped="1" hostname="HC-PC05-16" name="com.nimr.tests.test2_JsUpdateProfile" tests="1" failures="0" timestamp="19 Sep 2017 10:53:00 GMT" time="34.882" errors="0">
  <testcase name="testUpdateProfile" time="34.882" classname="com.nimr.tests.test2_JsUpdateProfile">
    <skipped/>
  </testcase> <!-- testUpdateProfile -->
</testsuite> <!-- com.nimr.tests.test2_JsUpdateProfile -->
